08-Apr-2022 04:12:20.576 INFO [main] org.apache.catalina.startup.VersionLoggerListener.log Server version name:   Apache Tomcat/10.0.20
08-Apr-2022 04:12:20.588 INFO [main] org.apache.catalina.startup.VersionLoggerListener.log Server built:          Mar 31 2022 14:24:36 UTC
08-Apr-2022 04:12:20.589 INFO [main] org.apache.catalina.startup.VersionLoggerListener.log Server version number: 10.0.20.0
08-Apr-2022 04:12:20.589 INFO [main] org.apache.catalina.startup.VersionLoggerListener.log OS Name:               Linux
08-Apr-2022 04:12:20.591 INFO [main] org.apache.catalina.startup.VersionLoggerListener.log OS Version:            5.13.0-1019-aws
08-Apr-2022 04:12:20.591 INFO [main] org.apache.catalina.startup.VersionLoggerListener.log Architecture:          amd64
08-Apr-2022 04:12:20.591 INFO [main] org.apache.catalina.startup.VersionLoggerListener.log Java Home:             /usr/lib/jvm/java-8-openjdk-amd64/jre
08-Apr-2022 04:12:20.592 INFO [main] org.apache.catalina.startup.VersionLoggerListener.log JVM Version:           1.8.0_312-8u312-b07-0ubuntu1~20.04-b07
08-Apr-2022 04:12:20.592 INFO [main] org.apache.catalina.startup.VersionLoggerListener.log JVM Vendor:            Private Build
08-Apr-2022 04:12:20.592 INFO [main] org.apache.catalina.startup.VersionLoggerListener.log CATALINA_BASE:         /home/ubuntu/Assignments/realtime2/tomcat
08-Apr-2022 04:12:20.592 INFO [main] org.apache.catalina.startup.VersionLoggerListener.log CATALINA_HOME:         /home/ubuntu/Assignments/realtime2/tomcat
08-Apr-2022 04:12:20.592 INFO [main] org.apache.catalina.startup.VersionLoggerListener.log Command line argument: -Djava.util.logging.config.file=/home/ubuntu/Assignments/realtime2/tomcat/conf/logging.properties
08-Apr-2022 04:12:20.594 INFO [main] org.apache.catalina.startup.VersionLoggerListener.log Command line argument: -Djava.util.logging.manager=org.apache.juli.ClassLoaderLogManager
08-Apr-2022 04:12:20.594 INFO [main] org.apache.catalina.startup.VersionLoggerListener.log Command line argument: -Djdk.tls.ephemeralDHKeySize=2048
08-Apr-2022 04:12:20.594 INFO [main] org.apache.catalina.startup.VersionLoggerListener.log Command line argument: -Djava.protocol.handler.pkgs=org.apache.catalina.webresources
08-Apr-2022 04:12:20.594 INFO [main] org.apache.catalina.startup.VersionLoggerListener.log Command line argument: -Dorg.apache.catalina.security.SecurityListener.UMASK=0027
08-Apr-2022 04:12:20.594 INFO [main] org.apache.catalina.startup.VersionLoggerListener.log Command line argument: -Dignore.endorsed.dirs=
08-Apr-2022 04:12:20.595 INFO [main] org.apache.catalina.startup.VersionLoggerListener.log Command line argument: -Dcatalina.base=/home/ubuntu/Assignments/realtime2/tomcat
08-Apr-2022 04:12:20.595 INFO [main] org.apache.catalina.startup.VersionLoggerListener.log Command line argument: -Dcatalina.home=/home/ubuntu/Assignments/realtime2/tomcat
08-Apr-2022 04:12:20.595 INFO [main] org.apache.catalina.startup.VersionLoggerListener.log Command line argument: -Djava.io.tmpdir=/home/ubuntu/Assignments/realtime2/tomcat/temp
08-Apr-2022 04:12:20.606 INFO [main] org.apache.catalina.core.AprLifecycleListener.lifecycleEvent The Apache Tomcat Native library which allows using OpenSSL was not found on the java.library.path: [/usr/java/packages/lib/amd64:/usr/lib/x86_64-linux-gnu/jni:/lib/x86_64-linux-gnu:/usr/lib/x86_64-linux-gnu:/usr/lib/jni:/lib:/usr/lib]
08-Apr-2022 04:12:21.275 INFO [main] org.apache.coyote.AbstractProtocol.init Initializing ProtocolHandler ["http-nio-8080"]
08-Apr-2022 04:12:21.320 INFO [main] org.apache.catalina.startup.Catalina.load Server initialization in [1066] milliseconds
08-Apr-2022 04:12:21.380 INFO [main] org.apache.catalina.core.StandardService.startInternal Starting service [Catalina]
08-Apr-2022 04:12:21.382 INFO [main] org.apache.catalina.core.StandardEngine.startInternal Starting Servlet engine: [Apache Tomcat/10.0.20]
08-Apr-2022 04:12:21.401 INFO [main] org.apache.catalina.startup.HostConfig.deployDirectory Deploying web application directory [/home/ubuntu/Assignments/realtime2/tomcat/webapps/docs]
08-Apr-2022 04:12:21.896 INFO [main] org.apache.catalina.startup.HostConfig.deployDirectory Deployment of web application directory [/home/ubuntu/Assignments/realtime2/tomcat/webapps/docs] has finished in [494] ms
08-Apr-2022 04:12:21.896 INFO [main] org.apache.catalina.startup.HostConfig.deployDirectory Deploying web application directory [/home/ubuntu/Assignments/realtime2/tomcat/webapps/host-manager]
08-Apr-2022 04:12:21.963 INFO [main] org.apache.catalina.startup.HostConfig.deployDirectory Deployment of web application directory [/home/ubuntu/Assignments/realtime2/tomcat/webapps/host-manager] has finished in [67] ms
08-Apr-2022 04:12:21.963 INFO [main] org.apache.catalina.startup.HostConfig.deployDirectory Deploying web application directory [/home/ubuntu/Assignments/realtime2/tomcat/webapps/ROOT]
08-Apr-2022 04:12:22.002 INFO [main] org.apache.catalina.startup.HostConfig.deployDirectory Deployment of web application directory [/home/ubuntu/Assignments/realtime2/tomcat/webapps/ROOT] has finished in [39] ms
08-Apr-2022 04:12:22.006 INFO [main] org.apache.catalina.startup.HostConfig.deployDirectory Deploying web application directory [/home/ubuntu/Assignments/realtime2/tomcat/webapps/examples]
08-Apr-2022 04:12:22.442 INFO [main] org.apache.catalina.startup.HostConfig.deployDirectory Deployment of web application directory [/home/ubuntu/Assignments/realtime2/tomcat/webapps/examples] has finished in [436] ms
08-Apr-2022 04:12:22.446 INFO [main] org.apache.catalina.startup.HostConfig.deployDirectory Deploying web application directory [/home/ubuntu/Assignments/realtime2/tomcat/webapps/manager]
08-Apr-2022 04:12:22.487 INFO [main] org.apache.catalina.startup.HostConfig.deployDirectory Deployment of web application directory [/home/ubuntu/Assignments/realtime2/tomcat/webapps/manager] has finished in [41] ms
08-Apr-2022 04:12:22.495 INFO [main] org.apache.coyote.AbstractProtocol.start Starting ProtocolHandler ["http-nio-8080"]
08-Apr-2022 04:12:22.508 INFO [main] org.apache.catalina.startup.Catalina.start Server startup in [1187] milliseconds
08-Apr-2022 04:14:15.785 INFO [main] org.apache.catalina.core.StandardServer.await A valid shutdown command was received via the shutdown port. Stopping the Server instance.
08-Apr-2022 04:14:15.785 INFO [main] org.apache.coyote.AbstractProtocol.pause Pausing ProtocolHandler ["http-nio-8080"]
08-Apr-2022 04:14:15.801 INFO [main] org.apache.catalina.core.StandardService.stopInternal Stopping service [Catalina]
08-Apr-2022 04:14:15.845 INFO [main] org.apache.coyote.AbstractProtocol.stop Stopping ProtocolHandler ["http-nio-8080"]
08-Apr-2022 04:14:15.863 INFO [main] org.apache.coyote.AbstractProtocol.destroy Destroying ProtocolHandler ["http-nio-8080"]
08-Apr-2022 04:15:01.853 INFO [main] org.apache.catalina.startup.VersionLoggerListener.log Server version name:   Apache Tomcat/10.0.20
08-Apr-2022 04:15:01.860 INFO [main] org.apache.catalina.startup.VersionLoggerListener.log Server built:          Mar 31 2022 14:24:36 UTC
08-Apr-2022 04:15:01.860 INFO [main] org.apache.catalina.startup.VersionLoggerListener.log Server version number: 10.0.20.0
08-Apr-2022 04:15:01.860 INFO [main] org.apache.catalina.startup.VersionLoggerListener.log OS Name:               Linux
08-Apr-2022 04:15:01.860 INFO [main] org.apache.catalina.startup.VersionLoggerListener.log OS Version:            5.13.0-1019-aws
08-Apr-2022 04:15:01.860 INFO [main] org.apache.catalina.startup.VersionLoggerListener.log Architecture:          amd64
08-Apr-2022 04:15:01.860 INFO [main] org.apache.catalina.startup.VersionLoggerListener.log Java Home:             /usr/lib/jvm/java-8-openjdk-amd64/jre
08-Apr-2022 04:15:01.860 INFO [main] org.apache.catalina.startup.VersionLoggerListener.log JVM Version:           1.8.0_312-8u312-b07-0ubuntu1~20.04-b07
08-Apr-2022 04:15:01.860 INFO [main] org.apache.catalina.startup.VersionLoggerListener.log JVM Vendor:            Private Build
08-Apr-2022 04:15:01.861 INFO [main] org.apache.catalina.startup.VersionLoggerListener.log CATALINA_BASE:         /home/ubuntu/Assignments/realtime2/tomcat
08-Apr-2022 04:15:01.861 INFO [main] org.apache.catalina.startup.VersionLoggerListener.log CATALINA_HOME:         /home/ubuntu/Assignments/realtime2/tomcat
08-Apr-2022 04:15:01.861 INFO [main] org.apache.catalina.startup.VersionLoggerListener.log Command line argument: -Djava.util.logging.config.file=/home/ubuntu/Assignments/realtime2/tomcat/conf/logging.properties
08-Apr-2022 04:15:01.861 INFO [main] org.apache.catalina.startup.VersionLoggerListener.log Command line argument: -Djava.util.logging.manager=org.apache.juli.ClassLoaderLogManager
08-Apr-2022 04:15:01.861 INFO [main] org.apache.catalina.startup.VersionLoggerListener.log Command line argument: -Djdk.tls.ephemeralDHKeySize=2048
08-Apr-2022 04:15:01.861 INFO [main] org.apache.catalina.startup.VersionLoggerListener.log Command line argument: -Djava.protocol.handler.pkgs=org.apache.catalina.webresources
08-Apr-2022 04:15:01.861 INFO [main] org.apache.catalina.startup.VersionLoggerListener.log Command line argument: -Dorg.apache.catalina.security.SecurityListener.UMASK=0027
08-Apr-2022 04:15:01.863 INFO [main] org.apache.catalina.startup.VersionLoggerListener.log Command line argument: -Dignore.endorsed.dirs=
08-Apr-2022 04:15:01.863 INFO [main] org.apache.catalina.startup.VersionLoggerListener.log Command line argument: -Dcatalina.base=/home/ubuntu/Assignments/realtime2/tomcat
08-Apr-2022 04:15:01.863 INFO [main] org.apache.catalina.startup.VersionLoggerListener.log Command line argument: -Dcatalina.home=/home/ubuntu/Assignments/realtime2/tomcat
08-Apr-2022 04:15:01.864 INFO [main] org.apache.catalina.startup.VersionLoggerListener.log Command line argument: -Djava.io.tmpdir=/home/ubuntu/Assignments/realtime2/tomcat/temp
08-Apr-2022 04:15:01.866 INFO [main] org.apache.catalina.core.AprLifecycleListener.lifecycleEvent The Apache Tomcat Native library which allows using OpenSSL was not found on the java.library.path: [/usr/java/packages/lib/amd64:/usr/lib/x86_64-linux-gnu/jni:/lib/x86_64-linux-gnu:/usr/lib/x86_64-linux-gnu:/usr/lib/jni:/lib:/usr/lib]
08-Apr-2022 04:15:02.574 INFO [main] org.apache.coyote.AbstractProtocol.init Initializing ProtocolHandler ["http-nio-8080"]
08-Apr-2022 04:15:02.623 INFO [main] org.apache.catalina.startup.Catalina.load Server initialization in [1121] milliseconds
08-Apr-2022 04:15:02.688 INFO [main] org.apache.catalina.core.StandardService.startInternal Starting service [Catalina]
08-Apr-2022 04:15:02.690 INFO [main] org.apache.catalina.core.StandardEngine.startInternal Starting Servlet engine: [Apache Tomcat/10.0.20]
08-Apr-2022 04:15:02.713 INFO [main] org.apache.catalina.startup.HostConfig.deployDirectory Deploying web application directory [/home/ubuntu/Assignments/realtime2/tomcat/webapps/docs]
08-Apr-2022 04:15:03.223 INFO [main] org.apache.catalina.startup.HostConfig.deployDirectory Deployment of web application directory [/home/ubuntu/Assignments/realtime2/tomcat/webapps/docs] has finished in [510] ms
08-Apr-2022 04:15:03.224 INFO [main] org.apache.catalina.startup.HostConfig.deployDirectory Deploying web application directory [/home/ubuntu/Assignments/realtime2/tomcat/webapps/host-manager]
08-Apr-2022 04:15:03.302 INFO [main] org.apache.catalina.startup.HostConfig.deployDirectory Deployment of web application directory [/home/ubuntu/Assignments/realtime2/tomcat/webapps/host-manager] has finished in [78] ms
08-Apr-2022 04:15:03.302 INFO [main] org.apache.catalina.startup.HostConfig.deployDirectory Deploying web application directory [/home/ubuntu/Assignments/realtime2/tomcat/webapps/ROOT]
08-Apr-2022 04:15:03.333 INFO [main] org.apache.catalina.startup.HostConfig.deployDirectory Deployment of web application directory [/home/ubuntu/Assignments/realtime2/tomcat/webapps/ROOT] has finished in [31] ms
08-Apr-2022 04:15:03.334 INFO [main] org.apache.catalina.startup.HostConfig.deployDirectory Deploying web application directory [/home/ubuntu/Assignments/realtime2/tomcat/webapps/examples]
08-Apr-2022 04:15:03.776 INFO [main] org.apache.catalina.startup.HostConfig.deployDirectory Deployment of web application directory [/home/ubuntu/Assignments/realtime2/tomcat/webapps/examples] has finished in [442] ms
08-Apr-2022 04:15:03.778 INFO [main] org.apache.catalina.startup.HostConfig.deployDirectory Deploying web application directory [/home/ubuntu/Assignments/realtime2/tomcat/webapps/manager]
08-Apr-2022 04:15:03.824 INFO [main] org.apache.catalina.startup.HostConfig.deployDirectory Deployment of web application directory [/home/ubuntu/Assignments/realtime2/tomcat/webapps/manager] has finished in [46] ms
08-Apr-2022 04:15:03.831 INFO [main] org.apache.coyote.AbstractProtocol.start Starting ProtocolHandler ["http-nio-8080"]
08-Apr-2022 04:15:03.872 INFO [main] org.apache.catalina.startup.Catalina.start Server startup in [1248] milliseconds
08-Apr-2022 04:15:12.176 INFO [main] org.apache.catalina.core.StandardServer.await A valid shutdown command was received via the shutdown port. Stopping the Server instance.
08-Apr-2022 04:15:12.177 INFO [main] org.apache.coyote.AbstractProtocol.pause Pausing ProtocolHandler ["http-nio-8080"]
08-Apr-2022 04:15:12.187 INFO [main] org.apache.catalina.core.StandardService.stopInternal Stopping service [Catalina]
08-Apr-2022 04:15:12.241 INFO [main] org.apache.coyote.AbstractProtocol.stop Stopping ProtocolHandler ["http-nio-8080"]
08-Apr-2022 04:15:12.248 INFO [main] org.apache.coyote.AbstractProtocol.destroy Destroying ProtocolHandler ["http-nio-8080"]
